<?xml version="1.0" encoding="UTF-8"?>
<testng-results skipped="0" failed="1" total="2" passed="1">
  <reporter-output>
  </reporter-output>
  <suite name="Suite" duration-ms="48962" started-at="2022-06-02T05:27:39Z" finished-at="2022-06-02T05:28:28Z">
    <groups>
    </groups>
    <test name="Test" duration-ms="18659" started-at="2022-06-02T05:27:39Z" finished-at="2022-06-02T05:27:57Z">
      <class name="SampleProject.TestPage">
        <test-method status="PASS" signature="invokBrowser()[pri:0, instance:SampleProject.TestPage@78fa769e]" name="invokBrowser" is-config="true" duration-ms="15805" started-at="2022-06-02T10:57:39Z" finished-at="2022-06-02T10:57:54Z">
          <reporter-output>
          </reporter-output>
        </test-method> <!-- invokBrowser -->
        <test-method status="PASS" signature="initBrowser(java.lang.String, java.lang.String)[pri:0, instance:SampleProject.TestPage@78fa769e]" name="initBrowser" duration-ms="2692" started-at="2022-06-02T10:57:54Z" data-provider="getdata" finished-at="2022-06-02T10:57:57Z">
          <params>
            <param index="0">
              <value>
                <![CDATA[mayuresh@]]>
              </value>
            </param>
            <param index="1">
              <value>
                <![CDATA[12345]]>
              </value>
            </param>
          </params>
          <reporter-output>
          </reporter-output>
        </test-method> <!-- initBrowser -->
        <test-method status="PASS" signature="teardown()[pri:0, instance:SampleProject.TestPage@78fa769e]" name="teardown" is-config="true" duration-ms="128" started-at="2022-06-02T10:57:57Z" finished-at="2022-06-02T10:57:57Z">
          <reporter-output>
          </reporter-output>
        </test-method> <!-- teardown -->
      </class> <!-- SampleProject.TestPage -->
    </test> <!-- Test -->
    <test name="Test1" duration-ms="48962" started-at="2022-06-02T05:27:39Z" finished-at="2022-06-02T05:28:28Z">
      <class name="SampleProject.Validations">
        <test-method status="PASS" signature="invokBrowser()[pri:0, instance:SampleProject.Validations@3590fc5b]" name="invokBrowser" is-config="true" duration-ms="48176" started-at="2022-06-02T10:57:39Z" finished-at="2022-06-02T10:58:27Z">
          <reporter-output>
          </reporter-output>
        </test-method> <!-- invokBrowser -->
        <test-method status="FAIL" signature="Validation()[pri:0, instance:SampleProject.Validations@3590fc5b]" name="Validation" duration-ms="255" started-at="2022-06-02T10:58:27Z" finished-at="2022-06-02T10:58:27Z">
          <exception class="java.lang.AssertionError">
            <message>
              <![CDATA[expected [Featured Courses] but found [FEATURED COURSES]]]>
            </message>
            <full-stacktrace>
              <![CDATA[java.lang.AssertionError: expected [Featured Courses] but found [FEATURED COURSES]
	at org.testng.Assert.fail(Assert.java:94)
	at org.testng.Assert.failNotEquals(Assert.java:494)
	at org.testng.Assert.assertEquals(Assert.java:123)
	at org.testng.Assert.assertEquals(Assert.java:176)
	at org.testng.Assert.assertEquals(Assert.java:186)
	at SampleProject.Validations.Validation(Validations.java:41)
	at sun.reflect.NativeMethodAccessorImpl.invoke0(Native Method)
	at sun.reflect.NativeMethodAccessorImpl.invoke(NativeMethodAccessorImpl.java:62)
	at sun.reflect.DelegatingMethodAccessorImpl.invoke(DelegatingMethodAccessorImpl.java:43)
	at java.lang.reflect.Method.invoke(Method.java:498)
	at org.testng.internal.MethodInvocationHelper.invokeMethod(MethodInvocationHelper.java:80)
	at org.testng.internal.Invoker.invokeMethod(Invoker.java:714)
	at org.testng.internal.Invoker.invokeTestMethod(Invoker.java:901)
	at org.testng.internal.Invoker.invokeTestMethods(Invoker.java:1231)
	at org.testng.internal.TestMethodWorker.invokeTestMethods(TestMethodWorker.java:127)
	at org.testng.internal.TestMethodWorker.run(TestMethodWorker.java:111)
	at org.testng.TestRunner.privateRun(TestRunner.java:767)
	at org.testng.TestRunner.run(TestRunner.java:617)
	at org.testng.SuiteRunner.runTest(SuiteRunner.java:334)
	at org.testng.SuiteRunner.access$000(SuiteRunner.java:37)
	at org.testng.SuiteRunner$SuiteWorker.run(SuiteRunner.java:368)
	at org.testng.internal.thread.ThreadUtil$2.call(ThreadUtil.java:64)
	at java.util.concurrent.FutureTask.run(FutureTask.java:266)
	at java.util.concurrent.ThreadPoolExecutor.runWorker(ThreadPoolExecutor.java:1149)
	at java.util.concurrent.ThreadPoolExecutor$Worker.run(ThreadPoolExecutor.java:624)
	at java.lang.Thread.run(Thread.java:748)
]]>
            </full-stacktrace>
          </exception> <!-- java.lang.AssertionError -->
          <reporter-output>
          </reporter-output>
        </test-method> <!-- Validation -->
        <test-method status="PASS" signature="teardown()[pri:0, instance:SampleProject.Validations@3590fc5b]" name="teardown" is-config="true" duration-ms="84" started-at="2022-06-02T10:58:28Z" finished-at="2022-06-02T10:58:28Z">
          <reporter-output>
          </reporter-output>
        </test-method> <!-- teardown -->
      </class> <!-- SampleProject.Validations -->
    </test> <!-- Test1 -->
  </suite> <!-- Suite -->
</testng-results>
